Arguments: 
  C:\Program Files (x86)\Nodist\v-x64\13.9.0\node.exe C:\Program Files (x86)\Nodist\bin\node_modules\yarn\bin\yarn.js add -D percel

PATH: 
  C:\Program Files\ImageMagick-7.0.9-Q16;C:\Program Files (x86)\Razer\ChromaBroadcast\bin;C:\Program Files\Razer\ChromaBroadcast\bin;C:\Program Files (x86)\Razer Chroma SDK\bin;C:\Program Files\Razer Chroma SDK\bin;C:\Program Files (x86)\Intel\Intel(R) Management Engine Components\iCLS\;C:\Program Files\Intel\Intel(R) Management Engine Components\iCLS\;C:\Windows\system32;C:\Windows;C:\Windows\System32\Wbem;C:\Windows\System32\WindowsPowerShell\v1.0\;C:\Program Files (x86)\Intel\Intel(R) Management Engine Components\DAL;C:\Program Files\Intel\Intel(R) Management Engine Components\DAL;C:\Program Files (x86)\Intel\Intel(R) Management Engine Components\IPT;C:\Program Files\Intel\Intel(R) Management Engine Components\IPT;C:\Program Files\Intel\WiFi\bin\;C:\Program Files\Common Files\Intel\WirelessCommon\;C:\Program Files (x86)\NVIDIA Corporation\PhysX\Common;C:\Users\Administrator\AppData\Local\Microsoft\WindowsApps;C:\Program Files\NVIDIA Corporation\NVIDIA NvDLISR;C:\WINDOWS\system32;C:\WINDOWS;C:\WINDOWS\System32\Wbem;C:\WINDOWS\System32\WindowsPowerShell\v1.0\;FUCKYOU\C:\WINDOWS\System32\OpenSSH\;C:\Program Files (x86)\Nodist\bin;C:\Program Files (x86)\Microsoft Visual Studio\2017\BuildTools\MSBuild\15.0\Bin;C:\Program Files (x86)\Microsoft Visual Studio\2019\Community\MSBuild\Current\Bin;C:\Program Files\dotnet\;C:\Program Files\Git\cmd;;C:\Users\yutaka\scoop\shims;C:\Users\yutaka\.cargo\bin;C:\Users\yutaka\bin;C:\Users\yutaka\bin\python27;C:\Users\yutaka\bin\OpenSSH-Win64;C:\Users\yutaka\AppData\Local\Programs\Microsoft VS Code\bin;C:\Users\yutaka\AppData\Local\Microsoft\WindowsApps;C:\Users\yutaka\AppData\Local\Android\Sdk\platform-tools;C:\ProgramData\chocolatey\bin;;C:\Program Files\Docker\Docker\resources\bin;C:\ProgramData\DockerDesktop\version-bin;C:\Ruby26-x64\bin;C:\Users\yutaka\scoop\shims;C:\Users\yutaka\.cargo\bin;C:\Users\yutaka\bin;C:\Users\yutaka\bin\python27;C:\Users\yutaka\bin\OpenSSH-Win64;C:\Users\yutaka\AppData\Local\Programs\Microsoft VS Code\bin;C:\Users\yutaka\AppData\Local\Microsoft\WindowsApps;C:\Users\yutaka\AppData\Local\Android\Sdk\platform-tools

Yarn version: 
  1.22.0

Node version: 
  13.9.0

Platform: 
  win32 x64

Trace: 
  Error: https://registry.yarnpkg.com/percel: Not found
      at Request.params.callback [as _callback] (C:\Program Files (x86)\Nodist\bin\node_modules\yarn\lib\cli.js:66975:18)
      at Request.self.callback (C:\Program Files (x86)\Nodist\bin\node_modules\yarn\lib\cli.js:140727:22)
      at Request.emit (events.js:321:20)
      at Request.<anonymous> (C:\Program Files (x86)\Nodist\bin\node_modules\yarn\lib\cli.js:141699:10)
      at Request.emit (events.js:321:20)
      at IncomingMessage.<anonymous> (C:\Program Files (x86)\Nodist\bin\node_modules\yarn\lib\cli.js:141621:12)
      at Object.onceWrapper (events.js:427:28)
      at IncomingMessage.emit (events.js:333:22)
      at endReadableNT (_stream_readable.js:1201:12)
      at processTicksAndRejections (internal/process/task_queues.js:84:21)

npm manifest: 
  {
    "name": "animal-crossing-design-converter",
    "version": "1.0.0",
    "main": "index.js",
    "license": "MIT",
    "devDependencies": {
      "typescript": "^3.8.3"
    }
  }

yarn manifest: 
  No manifest

Lockfile: 
  # THIS IS AN AUTOGENERATED FILE. DO NOT EDIT THIS FILE DIRECTLY.
  # yarn lockfile v1
  
  
  typescript@^3.8.3:
    version "3.8.3"
    resolved "https://registry.yarnpkg.com/typescript/-/typescript-3.8.3.tgz#409eb8544ea0335711205869ec458ab109ee1061"
    integrity sha512-MYlEfn5VrLNsgudQTVJeNaQFUAI7DkhnOjdpAp4T+ku1TfQClewlbSuTVHiA+8skNBgaf02TL/kLOvig4y3G8w==
